<?xml version="1.0" encoding="UTF-8"?>
<!-- Generated by org.testng.reporters.JUnitReportReporter -->
<testsuite hostname="DESKTOP-P1J0737" failures="0" tests="1" name="com.demo.AadharAutomate" time="19.739" errors="0" timestamp="2022-10-13T21:04:43 IST" skipped="0">
  <testcase classname="com.demo.AadharAutomate" name="launchChrome" time="19.739"/>
  <system-out/>
</testsuite> <!-- com.demo.AadharAutomate -->
