<?xml version="1.0" encoding="UTF-8"?>
<!-- Generated by org.testng.reporters.JUnitReportReporter -->
<testsuite hostname="DESKTOP-P1J0737" failures="0" tests="2" name="com.demo.BrowserTest" time="68.316" errors="0" timestamp="2022-10-13T21:46:49 IST" skipped="0">
  <testcase classname="com.demo.BrowserTest" name="launchFireFox" time="40.426"/>
  <system-out/>
  <testcase classname="com.demo.BrowserTest" name="launchChrome" time="27.890"/>
  <system-out/>
</testsuite> <!-- com.demo.BrowserTest -->
