<?xml version="1.0" encoding="UTF-8"?>
<!-- Generated by org.testng.reporters.JUnitReportReporter -->
<testsuite hostname="DESKTOP-P1J0737" failures="0" tests="1" name="com.demo.UserLoginTest" time="37.750" errors="0" timestamp="2022-10-13T21:52:11 IST" skipped="0">
  <testcase classname="com.demo.UserLoginTest" name="user" time="37.750"/>
  <system-out/>
</testsuite> <!-- com.demo.UserLoginTest -->
